2021-10-24 16:17:36.758 [main] ERROR Main - Error during reading system input
java.io.FileNotFoundException: data.txt (The system cannot find the file specified)
	at java.io.FileInputStream.open0(Native Method) ~[?:?]
	at java.io.FileInputStream.open(FileInputStream.java:219) ~[?:?]
	at java.io.FileInputStream.<init>(FileInputStream.java:157) ~[?:?]
	at java.io.FileInputStream.<init>(FileInputStream.java:112) ~[?:?]
	at java.io.FileReader.<init>(FileReader.java:60) ~[?:?]
	at Main.main(Main.java:15) [classes/:?]
2021-10-24 16:18:39.642 [main] ERROR Main - Error during reading system input
java.io.FileNotFoundException: ..\resources\data.txt (The system cannot find the path specified)
	at java.io.FileInputStream.open0(Native Method) ~[?:?]
	at java.io.FileInputStream.open(FileInputStream.java:219) ~[?:?]
	at java.io.FileInputStream.<init>(FileInputStream.java:157) ~[?:?]
	at java.io.FileInputStream.<init>(FileInputStream.java:112) ~[?:?]
	at java.io.FileReader.<init>(FileReader.java:60) ~[?:?]
	at Main.main(Main.java:15) [classes/:?]
2021-10-24 16:19:06.302 [main] ERROR Main - Error during reading system input
java.io.FileNotFoundException: data.txt (The system cannot find the file specified)
	at java.io.FileInputStream.open0(Native Method) ~[?:?]
	at java.io.FileInputStream.open(FileInputStream.java:219) ~[?:?]
	at java.io.FileInputStream.<init>(FileInputStream.java:157) ~[?:?]
	at java.io.FileInputStream.<init>(FileInputStream.java:112) ~[?:?]
	at java.io.FileReader.<init>(FileReader.java:60) ~[?:?]
	at Main.main(Main.java:15) [classes/:?]
2021-10-24 16:26:24.911 [main] ERROR Main - Error during reading system input
java.io.FileNotFoundException: ..\resources\data.txt (The system cannot find the path specified)
	at java.io.FileInputStream.open0(Native Method) ~[?:?]
	at java.io.FileInputStream.open(FileInputStream.java:219) ~[?:?]
	at java.io.FileInputStream.<init>(FileInputStream.java:157) ~[?:?]
	at java.io.FileInputStream.<init>(FileInputStream.java:112) ~[?:?]
	at java.io.FileReader.<init>(FileReader.java:60) ~[?:?]
	at Main.main(Main.java:15) [classes/:?]
2021-10-24 16:26:44.254 [main] ERROR Main - Error during reading system input
java.io.FileNotFoundException: c:\resources\data.txt (The system cannot find the path specified)
	at java.io.FileInputStream.open0(Native Method) ~[?:?]
	at java.io.FileInputStream.open(FileInputStream.java:219) ~[?:?]
	at java.io.FileInputStream.<init>(FileInputStream.java:157) ~[?:?]
	at java.io.FileInputStream.<init>(FileInputStream.java:112) ~[?:?]
	at java.io.FileReader.<init>(FileReader.java:60) ~[?:?]
	at Main.main(Main.java:15) [classes/:?]
2021-10-24 16:53:08.617 [main] ERROR Main - Error during reading system input
java.io.FileNotFoundException: data.txt (The system cannot find the file specified)
	at java.io.FileInputStream.open0(Native Method) ~[?:?]
	at java.io.FileInputStream.open(FileInputStream.java:219) ~[?:?]
	at java.io.FileInputStream.<init>(FileInputStream.java:157) ~[?:?]
	at java.io.FileInputStream.<init>(FileInputStream.java:112) ~[?:?]
	at java.io.FileReader.<init>(FileReader.java:60) ~[?:?]
	at Main.main(Main.java:14) [classes/:?]
2021-10-24 17:00:02.419 [main] ERROR Main - Error during reading system input
java.io.FileNotFoundException: resources\data.txt (The system cannot find the path specified)
	at java.io.FileInputStream.open0(Native Method) ~[?:?]
	at java.io.FileInputStream.open(FileInputStream.java:219) ~[?:?]
	at java.io.FileInputStream.<init>(FileInputStream.java:157) ~[?:?]
	at java.io.FileInputStream.<init>(FileInputStream.java:112) ~[?:?]
	at java.io.FileReader.<init>(FileReader.java:60) ~[?:?]
	at Main.main(Main.java:14) [classes/:?]
2021-10-24 17:03:41.910 [main] ERROR Main - Error during reading system input
java.io.FileNotFoundException: ..\resources\data.txt (The system cannot find the path specified)
	at java.io.FileInputStream.open0(Native Method) ~[?:?]
	at java.io.FileInputStream.open(FileInputStream.java:219) ~[?:?]
	at java.io.FileInputStream.<init>(FileInputStream.java:157) ~[?:?]
	at java.io.FileInputStream.<init>(FileInputStream.java:112) ~[?:?]
	at java.io.FileReader.<init>(FileReader.java:60) ~[?:?]
	at Main.main(Main.java:14) [classes/:?]
2021-10-24 17:25:33.306 [main] ERROR Main - Error during reading system input
java.io.FileNotFoundException: ..\resources\data.txt.txt (The system cannot find the path specified)
	at java.io.FileInputStream.open0(Native Method) ~[?:?]
	at java.io.FileInputStream.open(FileInputStream.java:219) ~[?:?]
	at java.io.FileInputStream.<init>(FileInputStream.java:157) ~[?:?]
	at java.io.FileInputStream.<init>(FileInputStream.java:112) ~[?:?]
	at java.io.FileReader.<init>(FileReader.java:60) ~[?:?]
	at Main.main(Main.java:14) [classes/:?]
2021-10-24 17:25:39.818 [main] ERROR Main - Error during reading system input
java.io.FileNotFoundException: resources\data.txt.txt (The system cannot find the path specified)
	at java.io.FileInputStream.open0(Native Method) ~[?:?]
	at java.io.FileInputStream.open(FileInputStream.java:219) ~[?:?]
	at java.io.FileInputStream.<init>(FileInputStream.java:157) ~[?:?]
	at java.io.FileInputStream.<init>(FileInputStream.java:112) ~[?:?]
	at java.io.FileReader.<init>(FileReader.java:60) ~[?:?]
	at Main.main(Main.java:14) [classes/:?]
2021-10-24 17:25:47.646 [main] ERROR Main - Error during reading system input
java.io.FileNotFoundException: data.txt.txt (The system cannot find the file specified)
	at java.io.FileInputStream.open0(Native Method) ~[?:?]
	at java.io.FileInputStream.open(FileInputStream.java:219) ~[?:?]
	at java.io.FileInputStream.<init>(FileInputStream.java:157) ~[?:?]
	at java.io.FileInputStream.<init>(FileInputStream.java:112) ~[?:?]
	at java.io.FileReader.<init>(FileReader.java:60) ~[?:?]
	at Main.main(Main.java:14) [classes/:?]
